Terminals unused in grammar

    TM_MALLOC
    TM_RI
    TM_RC
    TM_WI
    TM_WC


Grammar

    0 $accept: NT_WHOLE $end

    1 NT_WHOLE: NT_CMD

    2 NT_CMD: TM_SKIP
    3       | TM_VAR TM_IDENT
    4       | NT_EXPR TM_ASGNOP NT_EXPR
    5       | NT_CMD TM_SEMICOL NT_CMD
    6       | TM_IF NT_EXPR TM_THEN TM_LEFT_BRACE NT_CMD TM_RIGHT_BRACE TM_ELSE TM_LEFT_BRACE NT_CMD TM_RIGHT_BRACE
    7       | TM_WHILE NT_EXPR TM_DO TM_LEFT_BRACE NT_CMD TM_RIGHT_BRACE

    8 NT_EXPR_2: TM_NAT
    9          | TM_LEFT_PAREN NT_EXPR TM_RIGHT_PAREN
   10          | TM_IDENT
   11          | TM_NOT NT_EXPR_2
   12          | TM_MINUS NT_EXPR_2
   13          | TM_MUL NT_EXPR_2

   14 NT_EXPR: NT_EXPR_2
   15        | NT_EXPR TM_MUL NT_EXPR
   16        | NT_EXPR TM_PLUS NT_EXPR
   17        | NT_EXPR TM_MINUS NT_EXPR
   18        | NT_EXPR TM_DIV NT_EXPR
   19        | NT_EXPR TM_MOD NT_EXPR
   20        | NT_EXPR TM_LT NT_EXPR
   21        | NT_EXPR TM_GT NT_EXPR
   22        | NT_EXPR TM_LE NT_EXPR
   23        | NT_EXPR TM_GE NT_EXPR
   24        | NT_EXPR TM_EQ NT_EXPR
   25        | NT_EXPR TM_NE NT_EXPR
   26        | NT_EXPR TM_AND NT_EXPR
   27        | NT_EXPR TM_OR NT_EXPR


Terminals, with rules where they appear

    $end (0) 0
    error (256)
    TM_NAT <n> (258) 8
    TM_IDENT <i> (259) 3 10
    TM_LEFT_BRACE <none> (260) 6 7
    TM_RIGHT_BRACE <none> (261) 6 7
    TM_LEFT_PAREN <none> (262) 9
    TM_RIGHT_PAREN <none> (263) 9
    TM_SEMICOL <none> (264) 5
    TM_MALLOC <none> (265)
    TM_RI <none> (266)
    TM_RC <none> (267)
    TM_WI <none> (268)
    TM_WC <none> (269)
    TM_VAR <none> (270) 3
    TM_IF <none> (271) 6
    TM_THEN <none> (272) 6
    TM_ELSE <none> (273) 6
    TM_WHILE <none> (274) 7
    TM_DO <none> (275) 7
    TM_ASGNOP <none> (276) 4
    TM_OR <none> (277) 27
    TM_AND <none> (278) 26
    TM_NOT <none> (279) 11
    TM_LT <none> (280) 20
    TM_LE <none> (281) 22
    TM_GT <none> (282) 21
    TM_GE <none> (283) 23
    TM_EQ <none> (284) 24
    TM_NE <none> (285) 25
    TM_PLUS <none> (286) 16
    TM_MINUS <none> (287) 12 17
    TM_MUL <none> (288) 13 15
    TM_DIV <none> (289) 18
    TM_MOD <none> (290) 19
    TM_SKIP <c> (291) 2


Nonterminals, with rules where they appear

    $accept (37)
        on left: 0
    NT_WHOLE <c> (38)
        on left: 1
        on right: 0
    NT_CMD <c> (39)
        on left: 2 3 4 5 6 7
        on right: 1 5 6 7
    NT_EXPR_2 <e> (40)
        on left: 8 9 10 11 12 13
        on right: 11 12 13 14
    NT_EXPR <e> (41)
        on left: 14 15 16 17 18 19 20 21 22 23 24 25 26 27
        on right: 4 6 7 9 15 16 17 18 19 20 21 22 23 24 25 26 27


State 0

    0 $accept: • NT_WHOLE $end

    TM_NAT         shift, and go to state 1
    TM_IDENT       shift, and go to state 2
    TM_LEFT_PAREN  shift, and go to state 3
    TM_VAR         shift, and go to state 4
    TM_IF          shift, and go to state 5
    TM_WHILE       shift, and go to state 6
    TM_NOT         shift, and go to state 7
    TM_MINUS       shift, and go to state 8
    TM_MUL         shift, and go to state 9
    TM_SKIP        shift, and go to state 10

    NT_WHOLE   go to state 11
    NT_CMD     go to state 12
    NT_EXPR_2  go to state 13
    NT_EXPR    go to state 14


State 1

    8 NT_EXPR_2: TM_NAT •

    $default  reduce using rule 8 (NT_EXPR_2)


State 2

   10 NT_EXPR_2: TM_IDENT •

    $default  reduce using rule 10 (NT_EXPR_2)


State 3

    9 NT_EXPR_2: TM_LEFT_PAREN • NT_EXPR TM_RIGHT_PAREN

    TM_NAT         shift, and go to state 1
    TM_IDENT       shift, and go to state 2
    TM_LEFT_PAREN  shift, and go to state 3
    TM_NOT         shift, and go to state 7
    TM_MINUS       shift, and go to state 8
    TM_MUL         shift, and go to state 9

    NT_EXPR_2  go to state 13
    NT_EXPR    go to state 15


State 4

    3 NT_CMD: TM_VAR • TM_IDENT

    TM_IDENT  shift, and go to state 16


State 5

    6 NT_CMD: TM_IF • NT_EXPR TM_THEN TM_LEFT_BRACE NT_CMD TM_RIGHT_BRACE TM_ELSE TM_LEFT_BRACE NT_CMD TM_RIGHT_BRACE

    TM_NAT         shift, and go to state 1
    TM_IDENT       shift, and go to state 2
    TM_LEFT_PAREN  shift, and go to state 3
    TM_NOT         shift, and go to state 7
    TM_MINUS       shift, and go to state 8
    TM_MUL         shift, and go to state 9

    NT_EXPR_2  go to state 13
    NT_EXPR    go to state 17


State 6

    7 NT_CMD: TM_WHILE • NT_EXPR TM_DO TM_LEFT_BRACE NT_CMD TM_RIGHT_BRACE

    TM_NAT         shift, and go to state 1
    TM_IDENT       shift, and go to state 2
    TM_LEFT_PAREN  shift, and go to state 3
    TM_NOT         shift, and go to state 7
    TM_MINUS       shift, and go to state 8
    TM_MUL         shift, and go to state 9

    NT_EXPR_2  go to state 13
    NT_EXPR    go to state 18


State 7

   11 NT_EXPR_2: TM_NOT • NT_EXPR_2

    TM_NAT         shift, and go to state 1
    TM_IDENT       shift, and go to state 2
    TM_LEFT_PAREN  shift, and go to state 3
    TM_NOT         shift, and go to state 7
    TM_MINUS       shift, and go to state 8
    TM_MUL         shift, and go to state 9

    NT_EXPR_2  go to state 19


State 8

   12 NT_EXPR_2: TM_MINUS • NT_EXPR_2

    TM_NAT         shift, and go to state 1
    TM_IDENT       shift, and go to state 2
    TM_LEFT_PAREN  shift, and go to state 3
    TM_NOT         shift, and go to state 7
    TM_MINUS       shift, and go to state 8
    TM_MUL         shift, and go to state 9

    NT_EXPR_2  go to state 20


State 9

   13 NT_EXPR_2: TM_MUL • NT_EXPR_2

    TM_NAT         shift, and go to state 1
    TM_IDENT       shift, and go to state 2
    TM_LEFT_PAREN  shift, and go to state 3
    TM_NOT         shift, and go to state 7
    TM_MINUS       shift, and go to state 8
    TM_MUL         shift, and go to state 9

    NT_EXPR_2  go to state 21


State 10

    2 NT_CMD: TM_SKIP •

    $default  reduce using rule 2 (NT_CMD)


State 11

    0 $accept: NT_WHOLE • $end

    $end  shift, and go to state 22


State 12

    1 NT_WHOLE: NT_CMD •
    5 NT_CMD: NT_CMD • TM_SEMICOL NT_CMD

    TM_SEMICOL  shift, and go to state 23

    $default  reduce using rule 1 (NT_WHOLE)


State 13

   14 NT_EXPR: NT_EXPR_2 •

    $default  reduce using rule 14 (NT_EXPR)


State 14

    4 NT_CMD: NT_EXPR • TM_ASGNOP NT_EXPR
   15 NT_EXPR: NT_EXPR • TM_MUL NT_EXPR
   16        | NT_EXPR • TM_PLUS NT_EXPR
   17        | NT_EXPR • TM_MINUS NT_EXPR
   18        | NT_EXPR • TM_DIV NT_EXPR
   19        | NT_EXPR • TM_MOD NT_EXPR
   20        | NT_EXPR • TM_LT NT_EXPR
   21        | NT_EXPR • TM_GT NT_EXPR
   22        | NT_EXPR • TM_LE NT_EXPR
   23        | NT_EXPR • TM_GE NT_EXPR
   24        | NT_EXPR • TM_EQ NT_EXPR
   25        | NT_EXPR • TM_NE NT_EXPR
   26        | NT_EXPR • TM_AND NT_EXPR
   27        | NT_EXPR • TM_OR NT_EXPR

    TM_ASGNOP  shift, and go to state 24
    TM_OR      shift, and go to state 25
    TM_AND     shift, and go to state 26
    TM_LT      shift, and go to state 27
    TM_LE      shift, and go to state 28
    TM_GT      shift, and go to state 29
    TM_GE      shift, and go to state 30
    TM_EQ      shift, and go to state 31
    TM_NE      shift, and go to state 32
    TM_PLUS    shift, and go to state 33
    TM_MINUS   shift, and go to state 34
    TM_MUL     shift, and go to state 35
    TM_DIV     shift, and go to state 36
    TM_MOD     shift, and go to state 37


State 15

    9 NT_EXPR_2: TM_LEFT_PAREN NT_EXPR • TM_RIGHT_PAREN
   15 NT_EXPR: NT_EXPR • TM_MUL NT_EXPR
   16        | NT_EXPR • TM_PLUS NT_EXPR
   17        | NT_EXPR • TM_MINUS NT_EXPR
   18        | NT_EXPR • TM_DIV NT_EXPR
   19        | NT_EXPR • TM_MOD NT_EXPR
   20        | NT_EXPR • TM_LT NT_EXPR
   21        | NT_EXPR • TM_GT NT_EXPR
   22        | NT_EXPR • TM_LE NT_EXPR
   23        | NT_EXPR • TM_GE NT_EXPR
   24        | NT_EXPR • TM_EQ NT_EXPR
   25        | NT_EXPR • TM_NE NT_EXPR
   26        | NT_EXPR • TM_AND NT_EXPR
   27        | NT_EXPR • TM_OR NT_EXPR

    TM_RIGHT_PAREN  shift, and go to state 38
    TM_OR           shift, and go to state 25
    TM_AND          shift, and go to state 26
    TM_LT           shift, and go to state 27
    TM_LE           shift, and go to state 28
    TM_GT           shift, and go to state 29
    TM_GE           shift, and go to state 30
    TM_EQ           shift, and go to state 31
    TM_NE           shift, and go to state 32
    TM_PLUS         shift, and go to state 33
    TM_MINUS        shift, and go to state 34
    TM_MUL          shift, and go to state 35
    TM_DIV          shift, and go to state 36
    TM_MOD          shift, and go to state 37


State 16

    3 NT_CMD: TM_VAR TM_IDENT •

    $default  reduce using rule 3 (NT_CMD)


State 17

    6 NT_CMD: TM_IF NT_EXPR • TM_THEN TM_LEFT_BRACE NT_CMD TM_RIGHT_BRACE TM_ELSE TM_LEFT_BRACE NT_CMD TM_RIGHT_BRACE
   15 NT_EXPR: NT_EXPR • TM_MUL NT_EXPR
   16        | NT_EXPR • TM_PLUS NT_EXPR
   17        | NT_EXPR • TM_MINUS NT_EXPR
   18        | NT_EXPR • TM_DIV NT_EXPR
   19        | NT_EXPR • TM_MOD NT_EXPR
   20        | NT_EXPR • TM_LT NT_EXPR
   21        | NT_EXPR • TM_GT NT_EXPR
   22        | NT_EXPR • TM_LE NT_EXPR
   23        | NT_EXPR • TM_GE NT_EXPR
   24        | NT_EXPR • TM_EQ NT_EXPR
   25        | NT_EXPR • TM_NE NT_EXPR
   26        | NT_EXPR • TM_AND NT_EXPR
   27        | NT_EXPR • TM_OR NT_EXPR

    TM_THEN   shift, and go to state 39
    TM_OR     shift, and go to state 25
    TM_AND    shift, and go to state 26
    TM_LT     shift, and go to state 27
    TM_LE     shift, and go to state 28
    TM_GT     shift, and go to state 29
    TM_GE     shift, and go to state 30
    TM_EQ     shift, and go to state 31
    TM_NE     shift, and go to state 32
    TM_PLUS   shift, and go to state 33
    TM_MINUS  shift, and go to state 34
    TM_MUL    shift, and go to state 35
    TM_DIV    shift, and go to state 36
    TM_MOD    shift, and go to state 37


State 18

    7 NT_CMD: TM_WHILE NT_EXPR • TM_DO TM_LEFT_BRACE NT_CMD TM_RIGHT_BRACE
   15 NT_EXPR: NT_EXPR • TM_MUL NT_EXPR
   16        | NT_EXPR • TM_PLUS NT_EXPR
   17        | NT_EXPR • TM_MINUS NT_EXPR
   18        | NT_EXPR • TM_DIV NT_EXPR
   19        | NT_EXPR • TM_MOD NT_EXPR
   20        | NT_EXPR • TM_LT NT_EXPR
   21        | NT_EXPR • TM_GT NT_EXPR
   22        | NT_EXPR • TM_LE NT_EXPR
   23        | NT_EXPR • TM_GE NT_EXPR
   24        | NT_EXPR • TM_EQ NT_EXPR
   25        | NT_EXPR • TM_NE NT_EXPR
   26        | NT_EXPR • TM_AND NT_EXPR
   27        | NT_EXPR • TM_OR NT_EXPR

    TM_DO     shift, and go to state 40
    TM_OR     shift, and go to state 25
    TM_AND    shift, and go to state 26
    TM_LT     shift, and go to state 27
    TM_LE     shift, and go to state 28
    TM_GT     shift, and go to state 29
    TM_GE     shift, and go to state 30
    TM_EQ     shift, and go to state 31
    TM_NE     shift, and go to state 32
    TM_PLUS   shift, and go to state 33
    TM_MINUS  shift, and go to state 34
    TM_MUL    shift, and go to state 35
    TM_DIV    shift, and go to state 36
    TM_MOD    shift, and go to state 37


State 19

   11 NT_EXPR_2: TM_NOT NT_EXPR_2 •

    $default  reduce using rule 11 (NT_EXPR_2)


State 20

   12 NT_EXPR_2: TM_MINUS NT_EXPR_2 •

    $default  reduce using rule 12 (NT_EXPR_2)


State 21

   13 NT_EXPR_2: TM_MUL NT_EXPR_2 •

    $default  reduce using rule 13 (NT_EXPR_2)


State 22

    0 $accept: NT_WHOLE $end •

    $default  accept


State 23

    5 NT_CMD: NT_CMD TM_SEMICOL • NT_CMD

    TM_NAT         shift, and go to state 1
    TM_IDENT       shift, and go to state 2
    TM_LEFT_PAREN  shift, and go to state 3
    TM_VAR         shift, and go to state 4
    TM_IF          shift, and go to state 5
    TM_WHILE       shift, and go to state 6
    TM_NOT         shift, and go to state 7
    TM_MINUS       shift, and go to state 8
    TM_MUL         shift, and go to state 9
    TM_SKIP        shift, and go to state 10

    NT_CMD     go to state 41
    NT_EXPR_2  go to state 13
    NT_EXPR    go to state 14


State 24

    4 NT_CMD: NT_EXPR TM_ASGNOP • NT_EXPR

    TM_NAT         shift, and go to state 1
    TM_IDENT       shift, and go to state 2
    TM_LEFT_PAREN  shift, and go to state 3
    TM_NOT         shift, and go to state 7
    TM_MINUS       shift, and go to state 8
    TM_MUL         shift, and go to state 9

    NT_EXPR_2  go to state 13
    NT_EXPR    go to state 42


State 25

   27 NT_EXPR: NT_EXPR TM_OR • NT_EXPR

    TM_NAT         shift, and go to state 1
    TM_IDENT       shift, and go to state 2
    TM_LEFT_PAREN  shift, and go to state 3
    TM_NOT         shift, and go to state 7
    TM_MINUS       shift, and go to state 8
    TM_MUL         shift, and go to state 9

    NT_EXPR_2  go to state 13
    NT_EXPR    go to state 43


State 26

   26 NT_EXPR: NT_EXPR TM_AND • NT_EXPR

    TM_NAT         shift, and go to state 1
    TM_IDENT       shift, and go to state 2
    TM_LEFT_PAREN  shift, and go to state 3
    TM_NOT         shift, and go to state 7
    TM_MINUS       shift, and go to state 8
    TM_MUL         shift, and go to state 9

    NT_EXPR_2  go to state 13
    NT_EXPR    go to state 44


State 27

   20 NT_EXPR: NT_EXPR TM_LT • NT_EXPR

    TM_NAT         shift, and go to state 1
    TM_IDENT       shift, and go to state 2
    TM_LEFT_PAREN  shift, and go to state 3
    TM_NOT         shift, and go to state 7
    TM_MINUS       shift, and go to state 8
    TM_MUL         shift, and go to state 9

    NT_EXPR_2  go to state 13
    NT_EXPR    go to state 45


State 28

   22 NT_EXPR: NT_EXPR TM_LE • NT_EXPR

    TM_NAT         shift, and go to state 1
    TM_IDENT       shift, and go to state 2
    TM_LEFT_PAREN  shift, and go to state 3
    TM_NOT         shift, and go to state 7
    TM_MINUS       shift, and go to state 8
    TM_MUL         shift, and go to state 9

    NT_EXPR_2  go to state 13
    NT_EXPR    go to state 46


State 29

   21 NT_EXPR: NT_EXPR TM_GT • NT_EXPR

    TM_NAT         shift, and go to state 1
    TM_IDENT       shift, and go to state 2
    TM_LEFT_PAREN  shift, and go to state 3
    TM_NOT         shift, and go to state 7
    TM_MINUS       shift, and go to state 8
    TM_MUL         shift, and go to state 9

    NT_EXPR_2  go to state 13
    NT_EXPR    go to state 47


State 30

   23 NT_EXPR: NT_EXPR TM_GE • NT_EXPR

    TM_NAT         shift, and go to state 1
    TM_IDENT       shift, and go to state 2
    TM_LEFT_PAREN  shift, and go to state 3
    TM_NOT         shift, and go to state 7
    TM_MINUS       shift, and go to state 8
    TM_MUL         shift, and go to state 9

    NT_EXPR_2  go to state 13
    NT_EXPR    go to state 48


State 31

   24 NT_EXPR: NT_EXPR TM_EQ • NT_EXPR

    TM_NAT         shift, and go to state 1
    TM_IDENT       shift, and go to state 2
    TM_LEFT_PAREN  shift, and go to state 3
    TM_NOT         shift, and go to state 7
    TM_MINUS       shift, and go to state 8
    TM_MUL         shift, and go to state 9

    NT_EXPR_2  go to state 13
    NT_EXPR    go to state 49


State 32

   25 NT_EXPR: NT_EXPR TM_NE • NT_EXPR

    TM_NAT         shift, and go to state 1
    TM_IDENT       shift, and go to state 2
    TM_LEFT_PAREN  shift, and go to state 3
    TM_NOT         shift, and go to state 7
    TM_MINUS       shift, and go to state 8
    TM_MUL         shift, and go to state 9

    NT_EXPR_2  go to state 13
    NT_EXPR    go to state 50


State 33

   16 NT_EXPR: NT_EXPR TM_PLUS • NT_EXPR

    TM_NAT         shift, and go to state 1
    TM_IDENT       shift, and go to state 2
    TM_LEFT_PAREN  shift, and go to state 3
    TM_NOT         shift, and go to state 7
    TM_MINUS       shift, and go to state 8
    TM_MUL         shift, and go to state 9

    NT_EXPR_2  go to state 13
    NT_EXPR    go to state 51


State 34

   17 NT_EXPR: NT_EXPR TM_MINUS • NT_EXPR

    TM_NAT         shift, and go to state 1
    TM_IDENT       shift, and go to state 2
    TM_LEFT_PAREN  shift, and go to state 3
    TM_NOT         shift, and go to state 7
    TM_MINUS       shift, and go to state 8
    TM_MUL         shift, and go to state 9

    NT_EXPR_2  go to state 13
    NT_EXPR    go to state 52


State 35

   15 NT_EXPR: NT_EXPR TM_MUL • NT_EXPR

    TM_NAT         shift, and go to state 1
    TM_IDENT       shift, and go to state 2
    TM_LEFT_PAREN  shift, and go to state 3
    TM_NOT         shift, and go to state 7
    TM_MINUS       shift, and go to state 8
    TM_MUL         shift, and go to state 9

    NT_EXPR_2  go to state 13
    NT_EXPR    go to state 53


State 36

   18 NT_EXPR: NT_EXPR TM_DIV • NT_EXPR

    TM_NAT         shift, and go to state 1
    TM_IDENT       shift, and go to state 2
    TM_LEFT_PAREN  shift, and go to state 3
    TM_NOT         shift, and go to state 7
    TM_MINUS       shift, and go to state 8
    TM_MUL         shift, and go to state 9

    NT_EXPR_2  go to state 13
    NT_EXPR    go to state 54


State 37

   19 NT_EXPR: NT_EXPR TM_MOD • NT_EXPR

    TM_NAT         shift, and go to state 1
    TM_IDENT       shift, and go to state 2
    TM_LEFT_PAREN  shift, and go to state 3
    TM_NOT         shift, and go to state 7
    TM_MINUS       shift, and go to state 8
    TM_MUL         shift, and go to state 9

    NT_EXPR_2  go to state 13
    NT_EXPR    go to state 55


State 38

    9 NT_EXPR_2: TM_LEFT_PAREN NT_EXPR TM_RIGHT_PAREN •

    $default  reduce using rule 9 (NT_EXPR_2)


State 39

    6 NT_CMD: TM_IF NT_EXPR TM_THEN • TM_LEFT_BRACE NT_CMD TM_RIGHT_BRACE TM_ELSE TM_LEFT_BRACE NT_CMD TM_RIGHT_BRACE

    TM_LEFT_BRACE  shift, and go to state 56


State 40

    7 NT_CMD: TM_WHILE NT_EXPR TM_DO • TM_LEFT_BRACE NT_CMD TM_RIGHT_BRACE

    TM_LEFT_BRACE  shift, and go to state 57


State 41

    5 NT_CMD: NT_CMD • TM_SEMICOL NT_CMD
    5       | NT_CMD TM_SEMICOL NT_CMD •

    TM_SEMICOL  shift, and go to state 23

    $default  reduce using rule 5 (NT_CMD)


State 42

    4 NT_CMD: NT_EXPR TM_ASGNOP NT_EXPR •
   15 NT_EXPR: NT_EXPR • TM_MUL NT_EXPR
   16        | NT_EXPR • TM_PLUS NT_EXPR
   17        | NT_EXPR • TM_MINUS NT_EXPR
   18        | NT_EXPR • TM_DIV NT_EXPR
   19        | NT_EXPR • TM_MOD NT_EXPR
   20        | NT_EXPR • TM_LT NT_EXPR
   21        | NT_EXPR • TM_GT NT_EXPR
   22        | NT_EXPR • TM_LE NT_EXPR
   23        | NT_EXPR • TM_GE NT_EXPR
   24        | NT_EXPR • TM_EQ NT_EXPR
   25        | NT_EXPR • TM_NE NT_EXPR
   26        | NT_EXPR • TM_AND NT_EXPR
   27        | NT_EXPR • TM_OR NT_EXPR

    TM_OR     shift, and go to state 25
    TM_AND    shift, and go to state 26
    TM_LT     shift, and go to state 27
    TM_LE     shift, and go to state 28
    TM_GT     shift, and go to state 29
    TM_GE     shift, and go to state 30
    TM_EQ     shift, and go to state 31
    TM_NE     shift, and go to state 32
    TM_PLUS   shift, and go to state 33
    TM_MINUS  shift, and go to state 34
    TM_MUL    shift, and go to state 35
    TM_DIV    shift, and go to state 36
    TM_MOD    shift, and go to state 37

    $default  reduce using rule 4 (NT_CMD)


State 43

   15 NT_EXPR: NT_EXPR • TM_MUL NT_EXPR
   16        | NT_EXPR • TM_PLUS NT_EXPR
   17        | NT_EXPR • TM_MINUS NT_EXPR
   18        | NT_EXPR • TM_DIV NT_EXPR
   19        | NT_EXPR • TM_MOD NT_EXPR
   20        | NT_EXPR • TM_LT NT_EXPR
   21        | NT_EXPR • TM_GT NT_EXPR
   22        | NT_EXPR • TM_LE NT_EXPR
   23        | NT_EXPR • TM_GE NT_EXPR
   24        | NT_EXPR • TM_EQ NT_EXPR
   25        | NT_EXPR • TM_NE NT_EXPR
   26        | NT_EXPR • TM_AND NT_EXPR
   27        | NT_EXPR • TM_OR NT_EXPR
   27        | NT_EXPR TM_OR NT_EXPR •

    TM_AND    shift, and go to state 26
    TM_LT     shift, and go to state 27
    TM_LE     shift, and go to state 28
    TM_GT     shift, and go to state 29
    TM_GE     shift, and go to state 30
    TM_EQ     shift, and go to state 31
    TM_NE     shift, and go to state 32
    TM_PLUS   shift, and go to state 33
    TM_MINUS  shift, and go to state 34
    TM_MUL    shift, and go to state 35
    TM_DIV    shift, and go to state 36
    TM_MOD    shift, and go to state 37

    $default  reduce using rule 27 (NT_EXPR)


State 44

   15 NT_EXPR: NT_EXPR • TM_MUL NT_EXPR
   16        | NT_EXPR • TM_PLUS NT_EXPR
   17        | NT_EXPR • TM_MINUS NT_EXPR
   18        | NT_EXPR • TM_DIV NT_EXPR
   19        | NT_EXPR • TM_MOD NT_EXPR
   20        | NT_EXPR • TM_LT NT_EXPR
   21        | NT_EXPR • TM_GT NT_EXPR
   22        | NT_EXPR • TM_LE NT_EXPR
   23        | NT_EXPR • TM_GE NT_EXPR
   24        | NT_EXPR • TM_EQ NT_EXPR
   25        | NT_EXPR • TM_NE NT_EXPR
   26        | NT_EXPR • TM_AND NT_EXPR
   26        | NT_EXPR TM_AND NT_EXPR •
   27        | NT_EXPR • TM_OR NT_EXPR

    TM_LT     shift, and go to state 27
    TM_LE     shift, and go to state 28
    TM_GT     shift, and go to state 29
    TM_GE     shift, and go to state 30
    TM_EQ     shift, and go to state 31
    TM_NE     shift, and go to state 32
    TM_PLUS   shift, and go to state 33
    TM_MINUS  shift, and go to state 34
    TM_MUL    shift, and go to state 35
    TM_DIV    shift, and go to state 36
    TM_MOD    shift, and go to state 37

    $default  reduce using rule 26 (NT_EXPR)


State 45

   15 NT_EXPR: NT_EXPR • TM_MUL NT_EXPR
   16        | NT_EXPR • TM_PLUS NT_EXPR
   17        | NT_EXPR • TM_MINUS NT_EXPR
   18        | NT_EXPR • TM_DIV NT_EXPR
   19        | NT_EXPR • TM_MOD NT_EXPR
   20        | NT_EXPR • TM_LT NT_EXPR
   20        | NT_EXPR TM_LT NT_EXPR •
   21        | NT_EXPR • TM_GT NT_EXPR
   22        | NT_EXPR • TM_LE NT_EXPR
   23        | NT_EXPR • TM_GE NT_EXPR
   24        | NT_EXPR • TM_EQ NT_EXPR
   25        | NT_EXPR • TM_NE NT_EXPR
   26        | NT_EXPR • TM_AND NT_EXPR
   27        | NT_EXPR • TM_OR NT_EXPR

    TM_PLUS   shift, and go to state 33
    TM_MINUS  shift, and go to state 34
    TM_MUL    shift, and go to state 35
    TM_DIV    shift, and go to state 36
    TM_MOD    shift, and go to state 37

    $default  reduce using rule 20 (NT_EXPR)


State 46

   15 NT_EXPR: NT_EXPR • TM_MUL NT_EXPR
   16        | NT_EXPR • TM_PLUS NT_EXPR
   17        | NT_EXPR • TM_MINUS NT_EXPR
   18        | NT_EXPR • TM_DIV NT_EXPR
   19        | NT_EXPR • TM_MOD NT_EXPR
   20        | NT_EXPR • TM_LT NT_EXPR
   21        | NT_EXPR • TM_GT NT_EXPR
   22        | NT_EXPR • TM_LE NT_EXPR
   22        | NT_EXPR TM_LE NT_EXPR •
   23        | NT_EXPR • TM_GE NT_EXPR
   24        | NT_EXPR • TM_EQ NT_EXPR
   25        | NT_EXPR • TM_NE NT_EXPR
   26        | NT_EXPR • TM_AND NT_EXPR
   27        | NT_EXPR • TM_OR NT_EXPR

    TM_PLUS   shift, and go to state 33
    TM_MINUS  shift, and go to state 34
    TM_MUL    shift, and go to state 35
    TM_DIV    shift, and go to state 36
    TM_MOD    shift, and go to state 37

    $default  reduce using rule 22 (NT_EXPR)


State 47

   15 NT_EXPR: NT_EXPR • TM_MUL NT_EXPR
   16        | NT_EXPR • TM_PLUS NT_EXPR
   17        | NT_EXPR • TM_MINUS NT_EXPR
   18        | NT_EXPR • TM_DIV NT_EXPR
   19        | NT_EXPR • TM_MOD NT_EXPR
   20        | NT_EXPR • TM_LT NT_EXPR
   21        | NT_EXPR • TM_GT NT_EXPR
   21        | NT_EXPR TM_GT NT_EXPR •
   22        | NT_EXPR • TM_LE NT_EXPR
   23        | NT_EXPR • TM_GE NT_EXPR
   24        | NT_EXPR • TM_EQ NT_EXPR
   25        | NT_EXPR • TM_NE NT_EXPR
   26        | NT_EXPR • TM_AND NT_EXPR
   27        | NT_EXPR • TM_OR NT_EXPR

    TM_PLUS   shift, and go to state 33
    TM_MINUS  shift, and go to state 34
    TM_MUL    shift, and go to state 35
    TM_DIV    shift, and go to state 36
    TM_MOD    shift, and go to state 37

    $default  reduce using rule 21 (NT_EXPR)


State 48

   15 NT_EXPR: NT_EXPR • TM_MUL NT_EXPR
   16        | NT_EXPR • TM_PLUS NT_EXPR
   17        | NT_EXPR • TM_MINUS NT_EXPR
   18        | NT_EXPR • TM_DIV NT_EXPR
   19        | NT_EXPR • TM_MOD NT_EXPR
   20        | NT_EXPR • TM_LT NT_EXPR
   21        | NT_EXPR • TM_GT NT_EXPR
   22        | NT_EXPR • TM_LE NT_EXPR
   23        | NT_EXPR • TM_GE NT_EXPR
   23        | NT_EXPR TM_GE NT_EXPR •
   24        | NT_EXPR • TM_EQ NT_EXPR
   25        | NT_EXPR • TM_NE NT_EXPR
   26        | NT_EXPR • TM_AND NT_EXPR
   27        | NT_EXPR • TM_OR NT_EXPR

    TM_PLUS   shift, and go to state 33
    TM_MINUS  shift, and go to state 34
    TM_MUL    shift, and go to state 35
    TM_DIV    shift, and go to state 36
    TM_MOD    shift, and go to state 37

    $default  reduce using rule 23 (NT_EXPR)


State 49

   15 NT_EXPR: NT_EXPR • TM_MUL NT_EXPR
   16        | NT_EXPR • TM_PLUS NT_EXPR
   17        | NT_EXPR • TM_MINUS NT_EXPR
   18        | NT_EXPR • TM_DIV NT_EXPR
   19        | NT_EXPR • TM_MOD NT_EXPR
   20        | NT_EXPR • TM_LT NT_EXPR
   21        | NT_EXPR • TM_GT NT_EXPR
   22        | NT_EXPR • TM_LE NT_EXPR
   23        | NT_EXPR • TM_GE NT_EXPR
   24        | NT_EXPR • TM_EQ NT_EXPR
   24        | NT_EXPR TM_EQ NT_EXPR •
   25        | NT_EXPR • TM_NE NT_EXPR
   26        | NT_EXPR • TM_AND NT_EXPR
   27        | NT_EXPR • TM_OR NT_EXPR

    TM_PLUS   shift, and go to state 33
    TM_MINUS  shift, and go to state 34
    TM_MUL    shift, and go to state 35
    TM_DIV    shift, and go to state 36
    TM_MOD    shift, and go to state 37

    $default  reduce using rule 24 (NT_EXPR)


State 50

   15 NT_EXPR: NT_EXPR • TM_MUL NT_EXPR
   16        | NT_EXPR • TM_PLUS NT_EXPR
   17        | NT_EXPR • TM_MINUS NT_EXPR
   18        | NT_EXPR • TM_DIV NT_EXPR
   19        | NT_EXPR • TM_MOD NT_EXPR
   20        | NT_EXPR • TM_LT NT_EXPR
   21        | NT_EXPR • TM_GT NT_EXPR
   22        | NT_EXPR • TM_LE NT_EXPR
   23        | NT_EXPR • TM_GE NT_EXPR
   24        | NT_EXPR • TM_EQ NT_EXPR
   25        | NT_EXPR • TM_NE NT_EXPR
   25        | NT_EXPR TM_NE NT_EXPR •
   26        | NT_EXPR • TM_AND NT_EXPR
   27        | NT_EXPR • TM_OR NT_EXPR

    TM_PLUS   shift, and go to state 33
    TM_MINUS  shift, and go to state 34
    TM_MUL    shift, and go to state 35
    TM_DIV    shift, and go to state 36
    TM_MOD    shift, and go to state 37

    $default  reduce using rule 25 (NT_EXPR)


State 51

   15 NT_EXPR: NT_EXPR • TM_MUL NT_EXPR
   16        | NT_EXPR • TM_PLUS NT_EXPR
   16        | NT_EXPR TM_PLUS NT_EXPR •
   17        | NT_EXPR • TM_MINUS NT_EXPR
   18        | NT_EXPR • TM_DIV NT_EXPR
   19        | NT_EXPR • TM_MOD NT_EXPR
   20        | NT_EXPR • TM_LT NT_EXPR
   21        | NT_EXPR • TM_GT NT_EXPR
   22        | NT_EXPR • TM_LE NT_EXPR
   23        | NT_EXPR • TM_GE NT_EXPR
   24        | NT_EXPR • TM_EQ NT_EXPR
   25        | NT_EXPR • TM_NE NT_EXPR
   26        | NT_EXPR • TM_AND NT_EXPR
   27        | NT_EXPR • TM_OR NT_EXPR

    TM_MUL  shift, and go to state 35
    TM_DIV  shift, and go to state 36
    TM_MOD  shift, and go to state 37

    $default  reduce using rule 16 (NT_EXPR)


State 52

   15 NT_EXPR: NT_EXPR • TM_MUL NT_EXPR
   16        | NT_EXPR • TM_PLUS NT_EXPR
   17        | NT_EXPR • TM_MINUS NT_EXPR
   17        | NT_EXPR TM_MINUS NT_EXPR •
   18        | NT_EXPR • TM_DIV NT_EXPR
   19        | NT_EXPR • TM_MOD NT_EXPR
   20        | NT_EXPR • TM_LT NT_EXPR
   21        | NT_EXPR • TM_GT NT_EXPR
   22        | NT_EXPR • TM_LE NT_EXPR
   23        | NT_EXPR • TM_GE NT_EXPR
   24        | NT_EXPR • TM_EQ NT_EXPR
   25        | NT_EXPR • TM_NE NT_EXPR
   26        | NT_EXPR • TM_AND NT_EXPR
   27        | NT_EXPR • TM_OR NT_EXPR

    TM_MUL  shift, and go to state 35
    TM_DIV  shift, and go to state 36
    TM_MOD  shift, and go to state 37

    $default  reduce using rule 17 (NT_EXPR)


State 53

   15 NT_EXPR: NT_EXPR • TM_MUL NT_EXPR
   15        | NT_EXPR TM_MUL NT_EXPR •
   16        | NT_EXPR • TM_PLUS NT_EXPR
   17        | NT_EXPR • TM_MINUS NT_EXPR
   18        | NT_EXPR • TM_DIV NT_EXPR
   19        | NT_EXPR • TM_MOD NT_EXPR
   20        | NT_EXPR • TM_LT NT_EXPR
   21        | NT_EXPR • TM_GT NT_EXPR
   22        | NT_EXPR • TM_LE NT_EXPR
   23        | NT_EXPR • TM_GE NT_EXPR
   24        | NT_EXPR • TM_EQ NT_EXPR
   25        | NT_EXPR • TM_NE NT_EXPR
   26        | NT_EXPR • TM_AND NT_EXPR
   27        | NT_EXPR • TM_OR NT_EXPR

    $default  reduce using rule 15 (NT_EXPR)


State 54

   15 NT_EXPR: NT_EXPR • TM_MUL NT_EXPR
   16        | NT_EXPR • TM_PLUS NT_EXPR
   17        | NT_EXPR • TM_MINUS NT_EXPR
   18        | NT_EXPR • TM_DIV NT_EXPR
   18        | NT_EXPR TM_DIV NT_EXPR •
   19        | NT_EXPR • TM_MOD NT_EXPR
   20        | NT_EXPR • TM_LT NT_EXPR
   21        | NT_EXPR • TM_GT NT_EXPR
   22        | NT_EXPR • TM_LE NT_EXPR
   23        | NT_EXPR • TM_GE NT_EXPR
   24        | NT_EXPR • TM_EQ NT_EXPR
   25        | NT_EXPR • TM_NE NT_EXPR
   26        | NT_EXPR • TM_AND NT_EXPR
   27        | NT_EXPR • TM_OR NT_EXPR

    $default  reduce using rule 18 (NT_EXPR)


State 55

   15 NT_EXPR: NT_EXPR • TM_MUL NT_EXPR
   16        | NT_EXPR • TM_PLUS NT_EXPR
   17        | NT_EXPR • TM_MINUS NT_EXPR
   18        | NT_EXPR • TM_DIV NT_EXPR
   19        | NT_EXPR • TM_MOD NT_EXPR
   19        | NT_EXPR TM_MOD NT_EXPR •
   20        | NT_EXPR • TM_LT NT_EXPR
   21        | NT_EXPR • TM_GT NT_EXPR
   22        | NT_EXPR • TM_LE NT_EXPR
   23        | NT_EXPR • TM_GE NT_EXPR
   24        | NT_EXPR • TM_EQ NT_EXPR
   25        | NT_EXPR • TM_NE NT_EXPR
   26        | NT_EXPR • TM_AND NT_EXPR
   27        | NT_EXPR • TM_OR NT_EXPR

    $default  reduce using rule 19 (NT_EXPR)


State 56

    6 NT_CMD: TM_IF NT_EXPR TM_THEN TM_LEFT_BRACE • NT_CMD TM_RIGHT_BRACE TM_ELSE TM_LEFT_BRACE NT_CMD TM_RIGHT_BRACE

    TM_NAT         shift, and go to state 1
    TM_IDENT       shift, and go to state 2
    TM_LEFT_PAREN  shift, and go to state 3
    TM_VAR         shift, and go to state 4
    TM_IF          shift, and go to state 5
    TM_WHILE       shift, and go to state 6
    TM_NOT         shift, and go to state 7
    TM_MINUS       shift, and go to state 8
    TM_MUL         shift, and go to state 9
    TM_SKIP        shift, and go to state 10

    NT_CMD     go to state 58
    NT_EXPR_2  go to state 13
    NT_EXPR    go to state 14


State 57

    7 NT_CMD: TM_WHILE NT_EXPR TM_DO TM_LEFT_BRACE • NT_CMD TM_RIGHT_BRACE

    TM_NAT         shift, and go to state 1
    TM_IDENT       shift, and go to state 2
    TM_LEFT_PAREN  shift, and go to state 3
    TM_VAR         shift, and go to state 4
    TM_IF          shift, and go to state 5
    TM_WHILE       shift, and go to state 6
    TM_NOT         shift, and go to state 7
    TM_MINUS       shift, and go to state 8
    TM_MUL         shift, and go to state 9
    TM_SKIP        shift, and go to state 10

    NT_CMD     go to state 59
    NT_EXPR_2  go to state 13
    NT_EXPR    go to state 14


State 58

    5 NT_CMD: NT_CMD • TM_SEMICOL NT_CMD
    6       | TM_IF NT_EXPR TM_THEN TM_LEFT_BRACE NT_CMD • TM_RIGHT_BRACE TM_ELSE TM_LEFT_BRACE NT_CMD TM_RIGHT_BRACE

    TM_RIGHT_BRACE  shift, and go to state 60
    TM_SEMICOL      shift, and go to state 23


State 59

    5 NT_CMD: NT_CMD • TM_SEMICOL NT_CMD
    7       | TM_WHILE NT_EXPR TM_DO TM_LEFT_BRACE NT_CMD • TM_RIGHT_BRACE

    TM_RIGHT_BRACE  shift, and go to state 61
    TM_SEMICOL      shift, and go to state 23


State 60

    6 NT_CMD: TM_IF NT_EXPR TM_THEN TM_LEFT_BRACE NT_CMD TM_RIGHT_BRACE • TM_ELSE TM_LEFT_BRACE NT_CMD TM_RIGHT_BRACE

    TM_ELSE  shift, and go to state 62


State 61

    7 NT_CMD: TM_WHILE NT_EXPR TM_DO TM_LEFT_BRACE NT_CMD TM_RIGHT_BRACE •

    $default  reduce using rule 7 (NT_CMD)


State 62

    6 NT_CMD: TM_IF NT_EXPR TM_THEN TM_LEFT_BRACE NT_CMD TM_RIGHT_BRACE TM_ELSE • TM_LEFT_BRACE NT_CMD TM_RIGHT_BRACE

    TM_LEFT_BRACE  shift, and go to state 63


State 63

    6 NT_CMD: TM_IF NT_EXPR TM_THEN TM_LEFT_BRACE NT_CMD TM_RIGHT_BRACE TM_ELSE TM_LEFT_BRACE • NT_CMD TM_RIGHT_BRACE

    TM_NAT         shift, and go to state 1
    TM_IDENT       shift, and go to state 2
    TM_LEFT_PAREN  shift, and go to state 3
    TM_VAR         shift, and go to state 4
    TM_IF          shift, and go to state 5
    TM_WHILE       shift, and go to state 6
    TM_NOT         shift, and go to state 7
    TM_MINUS       shift, and go to state 8
    TM_MUL         shift, and go to state 9
    TM_SKIP        shift, and go to state 10

    NT_CMD     go to state 64
    NT_EXPR_2  go to state 13
    NT_EXPR    go to state 14


State 64

    5 NT_CMD: NT_CMD • TM_SEMICOL NT_CMD
    6       | TM_IF NT_EXPR TM_THEN TM_LEFT_BRACE NT_CMD TM_RIGHT_BRACE TM_ELSE TM_LEFT_BRACE NT_CMD • TM_RIGHT_BRACE

    TM_RIGHT_BRACE  shift, and go to state 65
    TM_SEMICOL      shift, and go to state 23


State 65

    6 NT_CMD: TM_IF NT_EXPR TM_THEN TM_LEFT_BRACE NT_CMD TM_RIGHT_BRACE TM_ELSE TM_LEFT_BRACE NT_CMD TM_RIGHT_BRACE •

    $default  reduce using rule 6 (NT_CMD)
